<?xml version="1.0" encoding="UTF-8"?>
<!-- Generated by org.testng.reporters.JUnitReportReporter -->
<testsuite hostname="DESKTOP-IQ7P5B3" failures="0" tests="1" name="coinmarketcap.tests.CryptocurrencyTest" time="101.152" errors="0" timestamp="2023-03-20T13:48:37 IST" skipped="0">
  <testcase classname="coinmarketcap.tests.CryptocurrencyTest" name="testCyptocurrencyFilters" time="101.152"/>
</testsuite> <!-- coinmarketcap.tests.CryptocurrencyTest -->
