<?xml version="1.0" encoding="UTF-8"?>
<!-- Generated by org.testng.reporters.JUnitReportReporter -->
<testsuite hostname="DESKTOP-IQ7P5B3" failures="0" tests="1" name="tests.BusSearchTest" time="11.805" errors="0" timestamp="2023-03-08T10:55:54 IST" skipped="0">
  <testcase classname="tests.BusSearchTest" name="testSearchBusFunctionIsWorking" time="11.805"/>
</testsuite> <!-- tests.BusSearchTest -->
